unlimited

loaded modules

Currently Loaded Modulefiles:
  1) cuda/9.2.148   2) gcc/7.3.0

limits

core file size          (blocks, -c) 0
data seg size           (kbytes, -d) unlimited
scheduling priority             (-e) 0
file size               (blocks, -f) unlimited
pending signals                 (-i) 1546237
max locked memory       (kbytes, -l) unlimited
max memory size         (kbytes, -m) unlimited
open files                      (-n) 64000
pipe size            (512 bytes, -p) 8
POSIX message queues     (bytes, -q) 819200
real-time priority              (-r) 0
stack size              (kbytes, -s) unlimited
cpu time               (seconds, -t) unlimited
max user processes              (-u) 4096
virtual memory          (kbytes, -v) unlimited
file locks                      (-x) unlimited

Environment Variables

SLURM_NODELIST=dl01
MODULE_VERSION_STACK=3.2.10
MANPATH=/share/apps/gcc/7.3.0/share/man:/usr/share/man
SLURM_JOB_NAME=cufhe
PDSHROOT=/opt/pdsh
XDG_SESSION_ID=8739
SLURMD_NODENAME=dl01
SLURM_TOPOLOGY_ADDR=.hdr02.dl01
HOSTNAME=dl01
SLURM_PRIO_PROCESS=0
SLURM_NODE_ALIASES=(null)
SHELL=/bin/bash
TERM=xterm-256color
SLURM_JOB_QOS=normal
HISTSIZE=1000
TMPDIR=/tmp
SLURM_TOPOLOGY_ADDR_PATTERN=switch.switch.node
SSH_CLIENT=130.20.114.161 58579 22
SLURM_JOB_GPUS=0,1
SSH_TTY=/dev/pts/30
ROCKSROOT=/opt/rocks/share/devel
ANT_HOME=/opt/rocks
ROCR_VISIBLE_DEVICES=0,1
SLURM_NNODES=1
USER=cann484
LD_LIBRARY_PATH=/share/apps/gcc/7.3.0/lib:/share/apps/gcc/7.3.0/lib64:/share/apps/cuda/9.2.148/lib:/share/apps/cuda/9.2.148/lib64:/usr/lib64/:/share/apps/cuda/9.2.148/lib64/stubs:/people/cann484/cuFHE/cufhe/bin/
LS_COLORS=rs=0:di=38;5;27:ln=38;5;51:mh=44;38;5;15:pi=40;38;5;11:so=38;5;13:do=38;5;5:bd=48;5;232;38;5;11:cd=48;5;232;38;5;3:or=48;5;232;38;5;9:mi=05;48;5;232;38;5;15:su=48;5;196;38;5;15:sg=48;5;11;38;5;16:ca=48;5;196;38;5;226:tw=48;5;10;38;5;16:ow=48;5;10;38;5;21:st=48;5;21;38;5;15:ex=38;5;34:*.tar=38;5;9:*.tgz=38;5;9:*.arc=38;5;9:*.arj=38;5;9:*.taz=38;5;9:*.lha=38;5;9:*.lz4=38;5;9:*.lzh=38;5;9:*.lzma=38;5;9:*.tlz=38;5;9:*.txz=38;5;9:*.tzo=38;5;9:*.t7z=38;5;9:*.zip=38;5;9:*.z=38;5;9:*.Z=38;5;9:*.dz=38;5;9:*.gz=38;5;9:*.lrz=38;5;9:*.lz=38;5;9:*.lzo=38;5;9:*.xz=38;5;9:*.bz2=38;5;9:*.bz=38;5;9:*.tbz=38;5;9:*.tbz2=38;5;9:*.tz=38;5;9:*.deb=38;5;9:*.rpm=38;5;9:*.jar=38;5;9:*.war=38;5;9:*.ear=38;5;9:*.sar=38;5;9:*.rar=38;5;9:*.alz=38;5;9:*.ace=38;5;9:*.zoo=38;5;9:*.cpio=38;5;9:*.7z=38;5;9:*.rz=38;5;9:*.cab=38;5;9:*.jpg=38;5;13:*.jpeg=38;5;13:*.gif=38;5;13:*.bmp=38;5;13:*.pbm=38;5;13:*.pgm=38;5;13:*.ppm=38;5;13:*.tga=38;5;13:*.xbm=38;5;13:*.xpm=38;5;13:*.tif=38;5;13:*.tiff=38;5;13:*.png=38;5;13:*.svg=38;5;13:*.svgz=38;5;13:*.mng=38;5;13:*.pcx=38;5;13:*.mov=38;5;13:*.mpg=38;5;13:*.mpeg=38;5;13:*.m2v=38;5;13:*.mkv=38;5;13:*.webm=38;5;13:*.ogm=38;5;13:*.mp4=38;5;13:*.m4v=38;5;13:*.mp4v=38;5;13:*.vob=38;5;13:*.qt=38;5;13:*.nuv=38;5;13:*.wmv=38;5;13:*.asf=38;5;13:*.rm=38;5;13:*.rmvb=38;5;13:*.flc=38;5;13:*.avi=38;5;13:*.fli=38;5;13:*.flv=38;5;13:*.gl=38;5;13:*.dl=38;5;13:*.xcf=38;5;13:*.xwd=38;5;13:*.yuv=38;5;13:*.cgm=38;5;13:*.emf=38;5;13:*.axv=38;5;13:*.anx=38;5;13:*.ogv=38;5;13:*.ogx=38;5;13:*.aac=38;5;45:*.au=38;5;45:*.flac=38;5;45:*.mid=38;5;45:*.midi=38;5;45:*.mka=38;5;45:*.mp3=38;5;45:*.mpc=38;5;45:*.ogg=38;5;45:*.ra=38;5;45:*.wav=38;5;45:*.axa=38;5;45:*.oga=38;5;45:*.spx=38;5;45:*.xspf=38;5;45:
ROCKS_ROOT=/opt/rocks
SLURM_JOBID=69836
SALLOC_KILL_CMD=9
SYSTEM_NAME=deception
SLURM_TASKS_PER_NODE=16
PATH=/share/apps/gcc/7.3.0/bin:/share/apps/cuda/9.2.148/bin::/people/scicons/deception/bin:/usr/local/bin:/usr/bin:/usr/local/sbin:/usr/sbin:/opt/ganglia/bin:/opt/ganglia/sbin:/opt/pdsh/bin:/opt/rocks/bin:/opt/rocks/sbin:/people/cann484/bin
MAIL=/var/spool/mail/cann484
MODULE_VERSION=3.2.10
SLURM_WORKING_CLUSTER=deception:rc-admin01:6817:9216:101
SLURM_CONF=/etc/slurm/slurm.conf
SLURM_JOB_ID=69836
F90=gfortran
SLURM_JOB_USER=cann484
PWD=/people/cann484/cuFHE
_LMFILES_=/share/apps/modules/Modules/3.2.10/modulefiles/development/tools/cuda/9.2.148:/share/apps/modules/Modules/3.2.10/modulefiles/development/compilers/gcc/7.3.0
CUDA_VISIBLE_DEVICES=0,1
JAVA_HOME=/usr/java/latest
LANG=en_US.UTF-8
MODULEPATH=/share/apps/modules/Modules/versions:$MODULESHOME/modulefiles/environment:$MODULESHOME/modulefiles/development/mpi:$MODULESHOME/modulefiles/development/mlib:$MODULESHOME/modulefiles/development/compilers:$MODULESHOME/modulefiles/development/tools:$MODULESHOME/modulefiles/apps:$MODULESHOME/modulefiles/libs
SLURM_JOB_UID=275223
LOADEDMODULES=cuda/9.2.148:gcc/7.3.0
SLURM_NODEID=0
F77=gfortran
SLURM_SUBMIT_DIR=/qfs/people/cann484/cuFHE
SLURM_TASK_PID=32095
SLURM_CPUS_ON_NODE=16
CXX=g++
SLURM_PROCID=0
ENVIRONMENT=BATCH
KRB5CCNAME=KEYRING:persistent:275223
HISTCONTROL=ignoredups
SSH_ASKPASS=/usr/libexec/openssh/gnome-ssh-askpass
SLURM_JOB_NODELIST=dl01
HOME=/people/cann484
SHLVL=2
SLURM_LOCALID=0
SLURM_JOB_GID=100
SLURM_JOB_CPUS_PER_NODE=16
SLURM_CLUSTER_NAME=deception
ROLLSROOT=/opt/rocks/share/devel/src/roll
PNNL_COMPILER_VERSION=7.3.0
FC=gfortran
SLURM_GTIDS=0
SLURM_SUBMIT_HOST=deception03.pnl.gov
SLURM_JOB_PARTITION=all
LOGNAME=cann484
PNNL_COMPILER=gcc
GPU_DEVICE_ORDINAL=0,1
SLURM_JOB_ACCOUNT=br21_cann484
SSH_CONNECTION=130.20.114.161 58579 130.20.68.68 22
XDG_DATA_DIRS=/people/cann484/.local/share/flatpak/exports/share:/var/lib/flatpak/exports/share:/usr/local/share:/usr/share
SLURM_JOB_NUM_NODES=1
MODULESHOME=/share/apps/modules/Modules/3.2.10
LESSOPEN=||/usr/bin/lesspipe.sh %s
CC=gcc
XDG_RUNTIME_DIR=/run/user/275223
BASH_FUNC_module()=() {  eval `/share/apps/modules/Modules/$MODULE_VERSION/bin/modulecmd bash $*`
}
_=/usr/bin/printenv

ldd output

	linux-vdso.so.1 =>  (0x00007ffd971cd000)
	libcufhe_gpu.so => /people/cann484/cuFHE/cufhe/bin/libcufhe_gpu.so (0x00002afbba366000)
	librt.so.1 => /usr/lib64/librt.so.1 (0x00002afbba6a9000)
	libpthread.so.0 => /usr/lib64/libpthread.so.0 (0x00002afbba8b1000)
	libdl.so.2 => /usr/lib64/libdl.so.2 (0x00002afbbaacd000)
	libstdc++.so.6 => /share/apps/gcc/7.3.0/lib64/libstdc++.so.6 (0x00002afbbacd1000)
	libm.so.6 => /usr/lib64/libm.so.6 (0x00002afbbb053000)
	libgcc_s.so.1 => /share/apps/gcc/7.3.0/lib64/libgcc_s.so.1 (0x00002afbbb355000)
	libc.so.6 => /usr/lib64/libc.so.6 (0x00002afbbb56c000)
	/lib64/ld-linux-x86-64.so.2 (0x00002afbba142000)
------ Key Generation ------
------ Test Encryption/Decryption ------
Number of tests:	1792
PASS
------ Initilizating Data on GPU(s) ------
------ Test NAND Gate ------
Number of tests:	1792
0.34466 ms / gate
PASS
------ Cleaning Data on GPU(s) ------
