unlimited

loaded modules

Currently Loaded Modulefiles:
  1) cuda/9.2.148   2) gcc/7.3.0

limits

core file size          (blocks, -c) 0
data seg size           (kbytes, -d) unlimited
scheduling priority             (-e) 0
file size               (blocks, -f) unlimited
pending signals                 (-i) 514358
max locked memory       (kbytes, -l) unlimited
max memory size         (kbytes, -m) unlimited
open files                      (-n) 400000
pipe size            (512 bytes, -p) 8
POSIX message queues     (bytes, -q) 819200
real-time priority              (-r) 0
stack size              (kbytes, -s) 10240
cpu time               (seconds, -t) unlimited
max user processes              (-u) 8192
virtual memory          (kbytes, -v) unlimited
file locks                      (-x) unlimited

Environment Variables

SLURM_CHECKPOINT_IMAGE_DIR=/qfs/people/cann484
SLURM_NODELIST=gpu01
MODULE_VERSION_STACK=3.2.10
SLURM_JOB_NAME=cufhe
PDSHROOT=/opt/pdsh
MANPATH=/share/apps/gcc/7.3.0/share/man:/usr/share/man
SLURMD_NODENAME=gpu01
SLURM_TOPOLOGY_ADDR=root.mlmix.gpu01
HOSTNAME=gpu01
SLURM_PRIO_PROCESS=0
SLURM_NODE_ALIASES=(null)
SHELL=/bin/bash
TERM=xterm-256color
HISTSIZE=1000
ECLIPSE_HOME=/opt/eclipse
TMPDIR=/tmp
SLURM_TOPOLOGY_ADDR_PATTERN=switch.switch.node
SSH_CLIENT=130.20.81.21 60745 22
QTDIR=/usr/lib64/qt-3.3
QTINC=/usr/lib64/qt-3.3/include
SSH_TTY=/dev/pts/75
ANT_HOME=/opt/rocks
SLURM_NO_REQUEUE=1
SLURM_NNODES=1
USER=cann484
LD_LIBRARY_PATH=/share/apps/gcc/7.3.0/lib:/share/apps/gcc/7.3.0/lib64:/share/apps/cuda/9.2.148/lib:/share/apps/cuda/9.2.148/lib64:/usr/lib64/:/share/apps/cuda/9.2.148/lib64/stubs:/people/cann484/cuFHE/cufhe/bin/
LS_COLORS=rs=0:di=38;5;27:ln=38;5;51:mh=44;38;5;15:pi=40;38;5;11:so=38;5;13:do=38;5;5:bd=48;5;232;38;5;11:cd=48;5;232;38;5;3:or=48;5;232;38;5;9:mi=05;48;5;232;38;5;15:su=48;5;196;38;5;15:sg=48;5;11;38;5;16:ca=48;5;196;38;5;226:tw=48;5;10;38;5;16:ow=48;5;10;38;5;21:st=48;5;21;38;5;15:ex=38;5;34:*.tar=38;5;9:*.tgz=38;5;9:*.arj=38;5;9:*.taz=38;5;9:*.lzh=38;5;9:*.lzma=38;5;9:*.tlz=38;5;9:*.txz=38;5;9:*.zip=38;5;9:*.z=38;5;9:*.Z=38;5;9:*.dz=38;5;9:*.gz=38;5;9:*.lz=38;5;9:*.xz=38;5;9:*.bz2=38;5;9:*.tbz=38;5;9:*.tbz2=38;5;9:*.bz=38;5;9:*.tz=38;5;9:*.deb=38;5;9:*.rpm=38;5;9:*.jar=38;5;9:*.rar=38;5;9:*.ace=38;5;9:*.zoo=38;5;9:*.cpio=38;5;9:*.7z=38;5;9:*.rz=38;5;9:*.jpg=38;5;13:*.jpeg=38;5;13:*.gif=38;5;13:*.bmp=38;5;13:*.pbm=38;5;13:*.pgm=38;5;13:*.ppm=38;5;13:*.tga=38;5;13:*.xbm=38;5;13:*.xpm=38;5;13:*.tif=38;5;13:*.tiff=38;5;13:*.png=38;5;13:*.svg=38;5;13:*.svgz=38;5;13:*.mng=38;5;13:*.pcx=38;5;13:*.mov=38;5;13:*.mpg=38;5;13:*.mpeg=38;5;13:*.m2v=38;5;13:*.mkv=38;5;13:*.ogm=38;5;13:*.mp4=38;5;13:*.m4v=38;5;13:*.mp4v=38;5;13:*.vob=38;5;13:*.qt=38;5;13:*.nuv=38;5;13:*.wmv=38;5;13:*.asf=38;5;13:*.rm=38;5;13:*.rmvb=38;5;13:*.flc=38;5;13:*.avi=38;5;13:*.fli=38;5;13:*.flv=38;5;13:*.gl=38;5;13:*.dl=38;5;13:*.xcf=38;5;13:*.xwd=38;5;13:*.yuv=38;5;13:*.cgm=38;5;13:*.emf=38;5;13:*.axv=38;5;13:*.anx=38;5;13:*.ogv=38;5;13:*.ogx=38;5;13:*.aac=38;5;45:*.au=38;5;45:*.flac=38;5;45:*.mid=38;5;45:*.midi=38;5;45:*.mka=38;5;45:*.mp3=38;5;45:*.mpc=38;5;45:*.ogg=38;5;45:*.ra=38;5;45:*.wav=38;5;45:*.axa=38;5;45:*.oga=38;5;45:*.spx=38;5;45:*.xspf=38;5;45:
ROCKS_ROOT=/opt/rocks
SLURM_JOBID=19552833
SALLOC_KILL_CMD=9
SYSTEM_NAME=constance
SLURM_TASKS_PER_NODE=24
PATH=/share/apps/binutils/2.24/bin/:/share/apps/gcc/7.3.0/bin:/share/apps/cuda/9.2.148/bin::/usr/lib64/qt-3.3/bin:/people/scicons/constance/bin:/people/scicons/bin:/usr/local/bin:/bin:/usr/bin:/usr/local/sbin:/usr/sbin:/sbin:/opt/eclipse:/opt/ganglia/bin:/opt/ganglia/sbin:/usr/java/latest/bin:/opt/pdsh/bin:/opt/rocks/bin:/opt/rocks/sbin:/people/cann484/bin
MAIL=/var/spool/mail/cann484
MODULE_VERSION=3.2.10
SLURM_JOB_ID=19552833
F90=gfortran
SLURM_JOB_USER=cann484
PWD=/people/cann484
_LMFILES_=/share/apps/modules/Modules/3.2.10/modulefiles/development/tools/cuda/9.2.148:/share/apps/modules/Modules/3.2.10/modulefiles/development/compilers/gcc/7.3.0
JAVA_HOME=/usr/java/latest
LANG=en_US.iso885915
MODULEPATH=/share/apps/modules/Modules/versions:$MODULESHOME/modulefiles/environment:$MODULESHOME/modulefiles/development/mpi:$MODULESHOME/modulefiles/development/mlib:$MODULESHOME/modulefiles/development/compilers:$MODULESHOME/modulefiles/development/tools:$MODULESHOME/modulefiles/apps:$MODULESHOME/modulefiles/libs
LOADEDMODULES=cuda/9.2.148:gcc/7.3.0
SLURM_JOB_UID=275223
SLURM_NODEID=0
F77=gfortran
SLURM_SUBMIT_DIR=/qfs/people/cann484
SLURM_TASK_PID=14439
SLURM_CPUS_ON_NODE=24
CXX=g++
SLURM_PROCID=0
ENVIRONMENT=BATCH
KRB5CCNAME=FILE:/tmp/krb5cc_275223_nrqjxx
HISTCONTROL=ignoredups
SSH_ASKPASS=/usr/libexec/openssh/gnome-ssh-askpass
SLURM_JOB_NODELIST=gpu01
HOME=/people/cann484
SHLVL=2
SLURM_LOCALID=0
SLURM_JOB_CPUS_PER_NODE=24
PNNL_COMPILER_VERSION=7.3.0
FC=gfortran
SLURM_GTIDS=0
SLURM_SUBMIT_HOST=constance01.pnl.gov
SLURM_JOB_PARTITION=gpu
LOGNAME=cann484
PNNL_COMPILER=gcc
CVS_RSH=ssh
QTLIB=/usr/lib64/qt-3.3/lib
SSH_CONNECTION=130.20.81.21 60745 130.20.68.60 22
SLURM_JOB_NUM_NODES=1
MODULESHOME=/share/apps/modules/Modules/3.2.10
LESSOPEN=||/usr/bin/lesspipe.sh %s
CC=gcc
G_BROKEN_FILENAMES=1
BASH_FUNC_module()=() {  eval `/share/apps/modules/Modules/$MODULE_VERSION/bin/modulecmd bash $*`
}
_=/usr/bin/printenv

ldd output

	linux-vdso.so.1 =>  (0x00007fff5817e000)
	libcufhe_gpu.so => /people/cann484/cuFHE/cufhe/bin/libcufhe_gpu.so (0x00007f7bbad75000)
	librt.so.1 => /lib64/librt.so.1 (0x000000304bc00000)
	libpthread.so.0 => /lib64/libpthread.so.0 (0x000000304b400000)
	libdl.so.2 => /lib64/libdl.so.2 (0x000000304b000000)
	libstdc++.so.6 => /share/apps/gcc/7.3.0/lib64/libstdc++.so.6 (0x00007f7bba9c1000)
	libm.so.6 => /lib64/libm.so.6 (0x000000304b800000)
	libgcc_s.so.1 => /share/apps/gcc/7.3.0/lib64/libgcc_s.so.1 (0x00007f7bba7ab000)
	libc.so.6 => /lib64/libc.so.6 (0x000000304ac00000)
	/lib64/ld-linux-x86-64.so.2 (0x000000304a800000)
------ Key Generation ------
------ Test Encryption/Decryption ------
Number of tests:	416
PASS
------ Initilizating Data on GPU(s) ------
------ Test NAND Gate ------
Number of tests:	416
3.04242 ms / gate
PASS
------ Cleaning Data on GPU(s) ------
